#-----------------------------------------------------------
# Vivado v2016.2 (64-bit)
# SW Build 1577090 on Thu Jun  2 16:32:40 MDT 2016
# IP Build 1577682 on Fri Jun  3 12:00:54 MDT 2016
# Start of session at: Fri Dec 30 09:31:27 2016
# Process ID: 11400
# Current directory: E:/vivado_projects/i2c_drive
# Command line: vivado.exe -gui_launcher_event rodinguilauncherevent4784 E:\vivado_projects\i2c_drive\i2c_drive.xpr
# Log file: E:/vivado_projects/i2c_drive/vivado.log
# Journal file: E:/vivado_projects/i2c_drive\vivado.jou
#-----------------------------------------------------------
start_gui
open_project E:/vivado_projects/i2c_drive/i2c_drive.xpr
Scanning sources...
Finished scanning sources
INFO: [IP_Flow 19-234] Refreshing IP repositories
INFO: [IP_Flow 19-1704] No user IP repositories specified
INFO: [IP_Flow 19-2313] Loaded Vivado IP repository 'E:/Vivado/2016.2/data/ip'.
open_project: Time (s): cpu = 00:00:17 ; elapsed = 00:00:17 . Memory (MB): peak = 779.914 ; gain = 116.547
update_compile_order -fileset sources_1
reset_run synth_1
launch_runs impl_1 -to_step write_bitstream
[Fri Dec 30 10:08:09 2016] Launched synth_1...
Run output will be captured here: E:/vivado_projects/i2c_drive/i2c_drive.runs/synth_1/runme.log
[Fri Dec 30 10:08:09 2016] Launched impl_1...
Run output will be captured here: E:/vivado_projects/i2c_drive/i2c_drive.runs/impl_1/runme.log
open_hw
connect_hw_server
INFO: [Labtools 27-2285] Connecting to hw_server url TCP:localhost:3121
INFO: [Labtools 27-2222] Launching hw_server...
INFO: [Labtools 27-2221] Launch Output:

****** Xilinx hw_server v2016.2
  **** Build date : Jun  2 2016-16:57:03
    ** Copyright 1986-2016 Xilinx, Inc. All Rights Reserved.


open_hw_target
INFO: [Labtoolstcl 44-466] Opening hw_target localhost:3121/xilinx_tcf/Digilent/210292710491A
set_property PROGRAM.FILE {E:/vivado_projects/i2c_drive/i2c_drive.runs/impl_1/i2c_drive.bit} [lindex [get_hw_devices] 0]
current_hw_device [lindex [get_hw_devices] 0]
refresh_hw_device -update_hw_probes false [lindex [get_hw_devices] 0]
INFO: [Labtools 27-1434] Device xc7a100t (JTAG device index = 0) is programmed with a design that has no supported debug core(s) in it.
WARNING: [Labtools 27-3123] The debug hub core was not detected at User Scan Chain 1 or 3.
Resolution: 
1. Make sure the clock connected to the debug hub (dbg_hub) core is a free running clock and is active OR
2. Manually launch hw_server with -e "set xsdb-user-bscan <C_USER_SCAN_CHAIN scan_chain_number>" to detect the debug hub at User Scan Chain of 2 or 4. To determine the user scan chain setting, open the implemented design and use: get_property C_USER_SCAN_CHAIN [get_debug_cores dbg_hub].
set_property PROBES.FILE {} [lindex [get_hw_devices] 0]
set_property PROGRAM.FILE {E:/vivado_projects/i2c_drive/i2c_drive.runs/impl_1/i2c_drive.bit} [lindex [get_hw_devices] 0]
program_hw_devices [lindex [get_hw_devices] 0]
INFO: [Labtools 27-3164] End of startup status: HIGH
refresh_hw_device [lindex [get_hw_devices] 0]
INFO: [Labtools 27-1434] Device xc7a100t (JTAG device index = 0) is programmed with a design that has no supported debug core(s) in it.
WARNING: [Labtools 27-3123] The debug hub core was not detected at User Scan Chain 1 or 3.
Resolution: 
1. Make sure the clock connected to the debug hub (dbg_hub) core is a free running clock and is active OR
2. Manually launch hw_server with -e "set xsdb-user-bscan <C_USER_SCAN_CHAIN scan_chain_number>" to detect the debug hub at User Scan Chain of 2 or 4. To determine the user scan chain setting, open the implemented design and use: get_property C_USER_SCAN_CHAIN [get_debug_cores dbg_hub].
reset_run synth_1
launch_runs impl_1 -to_step write_bitstream
[Fri Dec 30 10:22:28 2016] Launched synth_1...
Run output will be captured here: E:/vivado_projects/i2c_drive/i2c_drive.runs/synth_1/runme.log
[Fri Dec 30 10:22:28 2016] Launched impl_1...
Run output will be captured here: E:/vivado_projects/i2c_drive/i2c_drive.runs/impl_1/runme.log
set_property PROBES.FILE {} [lindex [get_hw_devices] 0]
set_property PROGRAM.FILE {E:/vivado_projects/i2c_drive/i2c_drive.runs/impl_1/i2c_drive.bit} [lindex [get_hw_devices] 0]
program_hw_devices [lindex [get_hw_devices] 0]
INFO: [Labtools 27-3164] End of startup status: HIGH
refresh_hw_device [lindex [get_hw_devices] 0]
INFO: [Labtools 27-1434] Device xc7a100t (JTAG device index = 0) is programmed with a design that has no supported debug core(s) in it.
WARNING: [Labtools 27-3123] The debug hub core was not detected at User Scan Chain 1 or 3.
Resolution: 
1. Make sure the clock connected to the debug hub (dbg_hub) core is a free running clock and is active OR
2. Manually launch hw_server with -e "set xsdb-user-bscan <C_USER_SCAN_CHAIN scan_chain_number>" to detect the debug hub at User Scan Chain of 2 or 4. To determine the user scan chain setting, open the implemented design and use: get_property C_USER_SCAN_CHAIN [get_debug_cores dbg_hub].
reset_run synth_1
launch_runs impl_1 -to_step write_bitstream
[Fri Dec 30 10:31:56 2016] Launched synth_1...
Run output will be captured here: E:/vivado_projects/i2c_drive/i2c_drive.runs/synth_1/runme.log
[Fri Dec 30 10:31:57 2016] Launched impl_1...
Run output will be captured here: E:/vivado_projects/i2c_drive/i2c_drive.runs/impl_1/runme.log
reset_run synth_1
launch_runs impl_1 -to_step write_bitstream
[Fri Dec 30 10:32:33 2016] Launched synth_1...
Run output will be captured here: E:/vivado_projects/i2c_drive/i2c_drive.runs/synth_1/runme.log
[Fri Dec 30 10:32:33 2016] Launched impl_1...
Run output will be captured here: E:/vivado_projects/i2c_drive/i2c_drive.runs/impl_1/runme.log
set_property PROBES.FILE {} [lindex [get_hw_devices] 0]
set_property PROGRAM.FILE {E:/vivado_projects/i2c_drive/i2c_drive.runs/impl_1/i2c_drive.bit} [lindex [get_hw_devices] 0]
program_hw_devices [lindex [get_hw_devices] 0]
INFO: [Labtools 27-3164] End of startup status: HIGH
refresh_hw_device [lindex [get_hw_devices] 0]
INFO: [Labtools 27-1434] Device xc7a100t (JTAG device index = 0) is programmed with a design that has no supported debug core(s) in it.
WARNING: [Labtools 27-3123] The debug hub core was not detected at User Scan Chain 1 or 3.
Resolution: 
1. Make sure the clock connected to the debug hub (dbg_hub) core is a free running clock and is active OR
2. Manually launch hw_server with -e "set xsdb-user-bscan <C_USER_SCAN_CHAIN scan_chain_number>" to detect the debug hub at User Scan Chain of 2 or 4. To determine the user scan chain setting, open the implemented design and use: get_property C_USER_SCAN_CHAIN [get_debug_cores dbg_hub].
update_compile_order -fileset sources_1
close [ open E:/vivado_projects/i2c_drive/i2c_drive.srcs/sources_1/new/top.v w ]
add_files E:/vivado_projects/i2c_drive/i2c_drive.srcs/sources_1/new/top.v
update_compile_order -fileset sources_1
update_compile_order -fileset sources_1
update_compile_order -fileset sim_1
update_compile_order -fileset sources_1
reset_run synth_1
launch_runs synth_1
INFO: [HDL 9-2216] Analyzing Verilog file "E:/vivado_projects/i2c_drive/i2c_drive.srcs/sources_1/new/top.v" into library work [E:/vivado_projects/i2c_drive/i2c_drive.srcs/sources_1/new/top.v:1]
[Fri Dec 30 10:46:26 2016] Launched synth_1...
Run output will be captured here: E:/vivado_projects/i2c_drive/i2c_drive.runs/synth_1/runme.log
open_run synth_1 -name synth_1
Design is defaulting to impl run constrset: constrs_1
Design is defaulting to synth run part: xc7a100tcsg324-1
INFO: [Netlist 29-17] Analyzing 10 Unisim elements for replacement
INFO: [Netlist 29-28] Unisim Transformation completed in 0 CPU seconds
INFO: [Project 1-479] Netlist was created with Vivado 2016.2
INFO: [Device 21-403] Loading part xc7a100tcsg324-1
INFO: [Project 1-570] Preparing netlist for logic optimization
Parsing XDC File [E:/vivado_projects/i2c_drive/i2c_drive.srcs/constrs_1/new/xdc.xdc]
WARNING: [Vivado 12-584] No ports matched 'dis_data[7]'. [E:/vivado_projects/i2c_drive/i2c_drive.srcs/constrs_1/new/xdc.xdc:1]
CRITICAL WARNING: [Common 17-55] 'set_property' expects at least one object. [E:/vivado_projects/i2c_drive/i2c_drive.srcs/constrs_1/new/xdc.xdc:1]
Resolution: If [get_<value>] was used to populate the object, check to make sure this command returns at least one valid object.
WARNING: [Vivado 12-584] No ports matched 'dis_data[6]'. [E:/vivado_projects/i2c_drive/i2c_drive.srcs/constrs_1/new/xdc.xdc:2]
CRITICAL WARNING: [Common 17-55] 'set_property' expects at least one object. [E:/vivado_projects/i2c_drive/i2c_drive.srcs/constrs_1/new/xdc.xdc:2]
Resolution: If [get_<value>] was used to populate the object, check to make sure this command returns at least one valid object.
WARNING: [Vivado 12-584] No ports matched 'dis_data[5]'. [E:/vivado_projects/i2c_drive/i2c_drive.srcs/constrs_1/new/xdc.xdc:3]
CRITICAL WARNING: [Common 17-55] 'set_property' expects at least one object. [E:/vivado_projects/i2c_drive/i2c_drive.srcs/constrs_1/new/xdc.xdc:3]
Resolution: If [get_<value>] was used to populate the object, check to make sure this command returns at least one valid object.
WARNING: [Vivado 12-584] No ports matched 'dis_data[4]'. [E:/vivado_projects/i2c_drive/i2c_drive.srcs/constrs_1/new/xdc.xdc:4]
CRITICAL WARNING: [Common 17-55] 'set_property' expects at least one object. [E:/vivado_projects/i2c_drive/i2c_drive.srcs/constrs_1/new/xdc.xdc:4]
Resolution: If [get_<value>] was used to populate the object, check to make sure this command returns at least one valid object.
WARNING: [Vivado 12-584] No ports matched 'dis_data[3]'. [E:/vivado_projects/i2c_drive/i2c_drive.srcs/constrs_1/new/xdc.xdc:5]
CRITICAL WARNING: [Common 17-55] 'set_property' expects at least one object. [E:/vivado_projects/i2c_drive/i2c_drive.srcs/constrs_1/new/xdc.xdc:5]
Resolution: If [get_<value>] was used to populate the object, check to make sure this command returns at least one valid object.
WARNING: [Vivado 12-584] No ports matched 'dis_data[2]'. [E:/vivado_projects/i2c_drive/i2c_drive.srcs/constrs_1/new/xdc.xdc:6]
CRITICAL WARNING: [Common 17-55] 'set_property' expects at least one object. [E:/vivado_projects/i2c_drive/i2c_drive.srcs/constrs_1/new/xdc.xdc:6]
Resolution: If [get_<value>] was used to populate the object, check to make sure this command returns at least one valid object.
WARNING: [Vivado 12-584] No ports matched 'dis_data[1]'. [E:/vivado_projects/i2c_drive/i2c_drive.srcs/constrs_1/new/xdc.xdc:7]
CRITICAL WARNING: [Common 17-55] 'set_property' expects at least one object. [E:/vivado_projects/i2c_drive/i2c_drive.srcs/constrs_1/new/xdc.xdc:7]
Resolution: If [get_<value>] was used to populate the object, check to make sure this command returns at least one valid object.
WARNING: [Vivado 12-584] No ports matched 'dis_data[0]'. [E:/vivado_projects/i2c_drive/i2c_drive.srcs/constrs_1/new/xdc.xdc:8]
CRITICAL WARNING: [Common 17-55] 'set_property' expects at least one object. [E:/vivado_projects/i2c_drive/i2c_drive.srcs/constrs_1/new/xdc.xdc:8]
Resolution: If [get_<value>] was used to populate the object, check to make sure this command returns at least one valid object.
WARNING: [Vivado 12-584] No ports matched 'dis_data[7]'. [E:/vivado_projects/i2c_drive/i2c_drive.srcs/constrs_1/new/xdc.xdc:20]
CRITICAL WARNING: [Common 17-55] 'set_property' expects at least one object. [E:/vivado_projects/i2c_drive/i2c_drive.srcs/constrs_1/new/xdc.xdc:20]
Resolution: If [get_<value>] was used to populate the object, check to make sure this command returns at least one valid object.
WARNING: [Vivado 12-584] No ports matched 'dis_data[6]'. [E:/vivado_projects/i2c_drive/i2c_drive.srcs/constrs_1/new/xdc.xdc:21]
CRITICAL WARNING: [Common 17-55] 'set_property' expects at least one object. [E:/vivado_projects/i2c_drive/i2c_drive.srcs/constrs_1/new/xdc.xdc:21]
Resolution: If [get_<value>] was used to populate the object, check to make sure this command returns at least one valid object.
WARNING: [Vivado 12-584] No ports matched 'dis_data[5]'. [E:/vivado_projects/i2c_drive/i2c_drive.srcs/constrs_1/new/xdc.xdc:22]
CRITICAL WARNING: [Common 17-55] 'set_property' expects at least one object. [E:/vivado_projects/i2c_drive/i2c_drive.srcs/constrs_1/new/xdc.xdc:22]
Resolution: If [get_<value>] was used to populate the object, check to make sure this command returns at least one valid object.
WARNING: [Vivado 12-584] No ports matched 'dis_data[4]'. [E:/vivado_projects/i2c_drive/i2c_drive.srcs/constrs_1/new/xdc.xdc:23]
CRITICAL WARNING: [Common 17-55] 'set_property' expects at least one object. [E:/vivado_projects/i2c_drive/i2c_drive.srcs/constrs_1/new/xdc.xdc:23]
Resolution: If [get_<value>] was used to populate the object, check to make sure this command returns at least one valid object.
WARNING: [Vivado 12-584] No ports matched 'dis_data[3]'. [E:/vivado_projects/i2c_drive/i2c_drive.srcs/constrs_1/new/xdc.xdc:24]
CRITICAL WARNING: [Common 17-55] 'set_property' expects at least one object. [E:/vivado_projects/i2c_drive/i2c_drive.srcs/constrs_1/new/xdc.xdc:24]
Resolution: If [get_<value>] was used to populate the object, check to make sure this command returns at least one valid object.
WARNING: [Vivado 12-584] No ports matched 'dis_data[2]'. [E:/vivado_projects/i2c_drive/i2c_drive.srcs/constrs_1/new/xdc.xdc:25]
CRITICAL WARNING: [Common 17-55] 'set_property' expects at least one object. [E:/vivado_projects/i2c_drive/i2c_drive.srcs/constrs_1/new/xdc.xdc:25]
Resolution: If [get_<value>] was used to populate the object, check to make sure this command returns at least one valid object.
WARNING: [Vivado 12-584] No ports matched 'dis_data[1]'. [E:/vivado_projects/i2c_drive/i2c_drive.srcs/constrs_1/new/xdc.xdc:26]
CRITICAL WARNING: [Common 17-55] 'set_property' expects at least one object. [E:/vivado_projects/i2c_drive/i2c_drive.srcs/constrs_1/new/xdc.xdc:26]
Resolution: If [get_<value>] was used to populate the object, check to make sure this command returns at least one valid object.
WARNING: [Vivado 12-584] No ports matched 'dis_data[0]'. [E:/vivado_projects/i2c_drive/i2c_drive.srcs/constrs_1/new/xdc.xdc:27]
CRITICAL WARNING: [Common 17-55] 'set_property' expects at least one object. [E:/vivado_projects/i2c_drive/i2c_drive.srcs/constrs_1/new/xdc.xdc:27]
Resolution: If [get_<value>] was used to populate the object, check to make sure this command returns at least one valid object.
WARNING: [Vivado 12-584] No ports matched 'dis_data[15]'. [E:/vivado_projects/i2c_drive/i2c_drive.srcs/constrs_1/new/xdc.xdc:30]
CRITICAL WARNING: [Common 17-55] 'set_property' expects at least one object. [E:/vivado_projects/i2c_drive/i2c_drive.srcs/constrs_1/new/xdc.xdc:30]
Resolution: If [get_<value>] was used to populate the object, check to make sure this command returns at least one valid object.
WARNING: [Vivado 12-584] No ports matched 'dis_data[14]'. [E:/vivado_projects/i2c_drive/i2c_drive.srcs/constrs_1/new/xdc.xdc:31]
CRITICAL WARNING: [Common 17-55] 'set_property' expects at least one object. [E:/vivado_projects/i2c_drive/i2c_drive.srcs/constrs_1/new/xdc.xdc:31]
Resolution: If [get_<value>] was used to populate the object, check to make sure this command returns at least one valid object.
WARNING: [Vivado 12-584] No ports matched 'dis_data[13]'. [E:/vivado_projects/i2c_drive/i2c_drive.srcs/constrs_1/new/xdc.xdc:32]
CRITICAL WARNING: [Common 17-55] 'set_property' expects at least one object. [E:/vivado_projects/i2c_drive/i2c_drive.srcs/constrs_1/new/xdc.xdc:32]
Resolution: If [get_<value>] was used to populate the object, check to make sure this command returns at least one valid object.
WARNING: [Vivado 12-584] No ports matched 'dis_data[12]'. [E:/vivado_projects/i2c_drive/i2c_drive.srcs/constrs_1/new/xdc.xdc:33]
CRITICAL WARNING: [Common 17-55] 'set_property' expects at least one object. [E:/vivado_projects/i2c_drive/i2c_drive.srcs/constrs_1/new/xdc.xdc:33]
Resolution: If [get_<value>] was used to populate the object, check to make sure this command returns at least one valid object.
WARNING: [Vivado 12-584] No ports matched 'dis_data[11]'. [E:/vivado_projects/i2c_drive/i2c_drive.srcs/constrs_1/new/xdc.xdc:34]
CRITICAL WARNING: [Common 17-55] 'set_property' expects at least one object. [E:/vivado_projects/i2c_drive/i2c_drive.srcs/constrs_1/new/xdc.xdc:34]
Resolution: If [get_<value>] was used to populate the object, check to make sure this command returns at least one valid object.
WARNING: [Vivado 12-584] No ports matched 'dis_data[10]'. [E:/vivado_projects/i2c_drive/i2c_drive.srcs/constrs_1/new/xdc.xdc:35]
CRITICAL WARNING: [Common 17-55] 'set_property' expects at least one object. [E:/vivado_projects/i2c_drive/i2c_drive.srcs/constrs_1/new/xdc.xdc:35]
Resolution: If [get_<value>] was used to populate the object, check to make sure this command returns at least one valid object.
WARNING: [Vivado 12-584] No ports matched 'dis_data[9]'. [E:/vivado_projects/i2c_drive/i2c_drive.srcs/constrs_1/new/xdc.xdc:36]
CRITICAL WARNING: [Common 17-55] 'set_property' expects at least one object. [E:/vivado_projects/i2c_drive/i2c_drive.srcs/constrs_1/new/xdc.xdc:36]
Resolution: If [get_<value>] was used to populate the object, check to make sure this command returns at least one valid object.
WARNING: [Vivado 12-584] No ports matched 'dis_data[8]'. [E:/vivado_projects/i2c_drive/i2c_drive.srcs/constrs_1/new/xdc.xdc:37]
CRITICAL WARNING: [Common 17-55] 'set_property' expects at least one object. [E:/vivado_projects/i2c_drive/i2c_drive.srcs/constrs_1/new/xdc.xdc:37]
Resolution: If [get_<value>] was used to populate the object, check to make sure this command returns at least one valid object.
WARNING: [Vivado 12-584] No ports matched 'dis_data[15]'. [E:/vivado_projects/i2c_drive/i2c_drive.srcs/constrs_1/new/xdc.xdc:38]
CRITICAL WARNING: [Common 17-55] 'set_property' expects at least one object. [E:/vivado_projects/i2c_drive/i2c_drive.srcs/constrs_1/new/xdc.xdc:38]
Resolution: If [get_<value>] was used to populate the object, check to make sure this command returns at least one valid object.
WARNING: [Vivado 12-584] No ports matched 'dis_data[14]'. [E:/vivado_projects/i2c_drive/i2c_drive.srcs/constrs_1/new/xdc.xdc:39]
CRITICAL WARNING: [Common 17-55] 'set_property' expects at least one object. [E:/vivado_projects/i2c_drive/i2c_drive.srcs/constrs_1/new/xdc.xdc:39]
Resolution: If [get_<value>] was used to populate the object, check to make sure this command returns at least one valid object.
WARNING: [Vivado 12-584] No ports matched 'dis_data[13]'. [E:/vivado_projects/i2c_drive/i2c_drive.srcs/constrs_1/new/xdc.xdc:41]
CRITICAL WARNING: [Common 17-55] 'set_property' expects at least one object. [E:/vivado_projects/i2c_drive/i2c_drive.srcs/constrs_1/new/xdc.xdc:41]
Resolution: If [get_<value>] was used to populate the object, check to make sure this command returns at least one valid object.
WARNING: [Vivado 12-584] No ports matched 'dis_data[12]'. [E:/vivado_projects/i2c_drive/i2c_drive.srcs/constrs_1/new/xdc.xdc:42]
CRITICAL WARNING: [Common 17-55] 'set_property' expects at least one object. [E:/vivado_projects/i2c_drive/i2c_drive.srcs/constrs_1/new/xdc.xdc:42]
Resolution: If [get_<value>] was used to populate the object, check to make sure this command returns at least one valid object.
WARNING: [Vivado 12-584] No ports matched 'dis_data[11]'. [E:/vivado_projects/i2c_drive/i2c_drive.srcs/constrs_1/new/xdc.xdc:43]
CRITICAL WARNING: [Common 17-55] 'set_property' expects at least one object. [E:/vivado_projects/i2c_drive/i2c_drive.srcs/constrs_1/new/xdc.xdc:43]
Resolution: If [get_<value>] was used to populate the object, check to make sure this command returns at least one valid object.
WARNING: [Vivado 12-584] No ports matched 'dis_data[10]'. [E:/vivado_projects/i2c_drive/i2c_drive.srcs/constrs_1/new/xdc.xdc:44]
CRITICAL WARNING: [Common 17-55] 'set_property' expects at least one object. [E:/vivado_projects/i2c_drive/i2c_drive.srcs/constrs_1/new/xdc.xdc:44]
Resolution: If [get_<value>] was used to populate the object, check to make sure this command returns at least one valid object.
WARNING: [Vivado 12-584] No ports matched 'dis_data[9]'. [E:/vivado_projects/i2c_drive/i2c_drive.srcs/constrs_1/new/xdc.xdc:45]
CRITICAL WARNING: [Common 17-55] 'set_property' expects at least one object. [E:/vivado_projects/i2c_drive/i2c_drive.srcs/constrs_1/new/xdc.xdc:45]
Resolution: If [get_<value>] was used to populate the object, check to make sure this command returns at least one valid object.
WARNING: [Vivado 12-584] No ports matched 'dis_data[8]'. [E:/vivado_projects/i2c_drive/i2c_drive.srcs/constrs_1/new/xdc.xdc:46]
CRITICAL WARNING: [Common 17-55] 'set_property' expects at least one object. [E:/vivado_projects/i2c_drive/i2c_drive.srcs/constrs_1/new/xdc.xdc:46]
Resolution: If [get_<value>] was used to populate the object, check to make sure this command returns at least one valid object.
WARNING: [Vivado 12-584] No ports matched 'seg[6]'. [E:/vivado_projects/i2c_drive/i2c_drive.srcs/constrs_1/new/xdc.xdc:48]
CRITICAL WARNING: [Common 17-55] 'set_property' expects at least one object. [E:/vivado_projects/i2c_drive/i2c_drive.srcs/constrs_1/new/xdc.xdc:48]
Resolution: If [get_<value>] was used to populate the object, check to make sure this command returns at least one valid object.
WARNING: [Vivado 12-584] No ports matched 'seg[5]'. [E:/vivado_projects/i2c_drive/i2c_drive.srcs/constrs_1/new/xdc.xdc:49]
CRITICAL WARNING: [Common 17-55] 'set_property' expects at least one object. [E:/vivado_projects/i2c_drive/i2c_drive.srcs/constrs_1/new/xdc.xdc:49]
Resolution: If [get_<value>] was used to populate the object, check to make sure this command returns at least one valid object.
WARNING: [Vivado 12-584] No ports matched 'seg[4]'. [E:/vivado_projects/i2c_drive/i2c_drive.srcs/constrs_1/new/xdc.xdc:50]
CRITICAL WARNING: [Common 17-55] 'set_property' expects at least one object. [E:/vivado_projects/i2c_drive/i2c_drive.srcs/constrs_1/new/xdc.xdc:50]
Resolution: If [get_<value>] was used to populate the object, check to make sure this command returns at least one valid object.
WARNING: [Vivado 12-584] No ports matched 'seg[3]'. [E:/vivado_projects/i2c_drive/i2c_drive.srcs/constrs_1/new/xdc.xdc:51]
CRITICAL WARNING: [Common 17-55] 'set_property' expects at least one object. [E:/vivado_projects/i2c_drive/i2c_drive.srcs/constrs_1/new/xdc.xdc:51]
Resolution: If [get_<value>] was used to populate the object, check to make sure this command returns at least one valid object.
WARNING: [Vivado 12-584] No ports matched 'seg[2]'. [E:/vivado_projects/i2c_drive/i2c_drive.srcs/constrs_1/new/xdc.xdc:52]
CRITICAL WARNING: [Common 17-55] 'set_property' expects at least one object. [E:/vivado_projects/i2c_drive/i2c_drive.srcs/constrs_1/new/xdc.xdc:52]
Resolution: If [get_<value>] was used to populate the object, check to make sure this command returns at least one valid object.
WARNING: [Vivado 12-584] No ports matched 'seg[1]'. [E:/vivado_projects/i2c_drive/i2c_drive.srcs/constrs_1/new/xdc.xdc:53]
CRITICAL WARNING: [Common 17-55] 'set_property' expects at least one object. [E:/vivado_projects/i2c_drive/i2c_drive.srcs/constrs_1/new/xdc.xdc:53]
Resolution: If [get_<value>] was used to populate the object, check to make sure this command returns at least one valid object.
WARNING: [Vivado 12-584] No ports matched 'seg[0]'. [E:/vivado_projects/i2c_drive/i2c_drive.srcs/constrs_1/new/xdc.xdc:54]
CRITICAL WARNING: [Common 17-55] 'set_property' expects at least one object. [E:/vivado_projects/i2c_drive/i2c_drive.srcs/constrs_1/new/xdc.xdc:54]
Resolution: If [get_<value>] was used to populate the object, check to make sure this command returns at least one valid object.
WARNING: [Vivado 12-584] No ports matched 'seg[6]'. [E:/vivado_projects/i2c_drive/i2c_drive.srcs/constrs_1/new/xdc.xdc:55]
CRITICAL WARNING: [Common 17-55] 'set_property' expects at least one object. [E:/vivado_projects/i2c_drive/i2c_drive.srcs/constrs_1/new/xdc.xdc:55]
Resolution: If [get_<value>] was used to populate the object, check to make sure this command returns at least one valid object.
WARNING: [Vivado 12-584] No ports matched 'seg[5]'. [E:/vivado_projects/i2c_drive/i2c_drive.srcs/constrs_1/new/xdc.xdc:56]
CRITICAL WARNING: [Common 17-55] 'set_property' expects at least one object. [E:/vivado_projects/i2c_drive/i2c_drive.srcs/constrs_1/new/xdc.xdc:56]
Resolution: If [get_<value>] was used to populate the object, check to make sure this command returns at least one valid object.
WARNING: [Vivado 12-584] No ports matched 'seg[4]'. [E:/vivado_projects/i2c_drive/i2c_drive.srcs/constrs_1/new/xdc.xdc:57]
CRITICAL WARNING: [Common 17-55] 'set_property' expects at least one object. [E:/vivado_projects/i2c_drive/i2c_drive.srcs/constrs_1/new/xdc.xdc:57]
Resolution: If [get_<value>] was used to populate the object, check to make sure this command returns at least one valid object.
WARNING: [Vivado 12-584] No ports matched 'seg[3]'. [E:/vivado_projects/i2c_drive/i2c_drive.srcs/constrs_1/new/xdc.xdc:58]
CRITICAL WARNING: [Common 17-55] 'set_property' expects at least one object. [E:/vivado_projects/i2c_drive/i2c_drive.srcs/constrs_1/new/xdc.xdc:58]
Resolution: If [get_<value>] was used to populate the object, check to make sure this command returns at least one valid object.
WARNING: [Vivado 12-584] No ports matched 'seg[2]'. [E:/vivado_projects/i2c_drive/i2c_drive.srcs/constrs_1/new/xdc.xdc:59]
CRITICAL WARNING: [Common 17-55] 'set_property' expects at least one object. [E:/vivado_projects/i2c_drive/i2c_drive.srcs/constrs_1/new/xdc.xdc:59]
Resolution: If [get_<value>] was used to populate the object, check to make sure this command returns at least one valid object.
WARNING: [Vivado 12-584] No ports matched 'seg[1]'. [E:/vivado_projects/i2c_drive/i2c_drive.srcs/constrs_1/new/xdc.xdc:60]
CRITICAL WARNING: [Common 17-55] 'set_property' expects at least one object. [E:/vivado_projects/i2c_drive/i2c_drive.srcs/constrs_1/new/xdc.xdc:60]
Resolution: If [get_<value>] was used to populate the object, check to make sure this command returns at least one valid object.
WARNING: [Vivado 12-584] No ports matched 'seg[0]'. [E:/vivado_projects/i2c_drive/i2c_drive.srcs/constrs_1/new/xdc.xdc:61]
CRITICAL WARNING: [Common 17-55] 'set_property' expects at least one object. [E:/vivado_projects/i2c_drive/i2c_drive.srcs/constrs_1/new/xdc.xdc:61]
Resolution: If [get_<value>] was used to populate the object, check to make sure this command returns at least one valid object.
WARNING: [Vivado 12-584] No ports matched 'dig[7]'. [E:/vivado_projects/i2c_drive/i2c_drive.srcs/constrs_1/new/xdc.xdc:62]
CRITICAL WARNING: [Common 17-55] 'set_property' expects at least one object. [E:/vivado_projects/i2c_drive/i2c_drive.srcs/constrs_1/new/xdc.xdc:62]
Resolution: If [get_<value>] was used to populate the object, check to make sure this command returns at least one valid object.
WARNING: [Vivado 12-584] No ports matched 'dig[6]'. [E:/vivado_projects/i2c_drive/i2c_drive.srcs/constrs_1/new/xdc.xdc:63]
CRITICAL WARNING: [Common 17-55] 'set_property' expects at least one object. [E:/vivado_projects/i2c_drive/i2c_drive.srcs/constrs_1/new/xdc.xdc:63]
Resolution: If [get_<value>] was used to populate the object, check to make sure this command returns at least one valid object.
WARNING: [Vivado 12-584] No ports matched 'dig[5]'. [E:/vivado_projects/i2c_drive/i2c_drive.srcs/constrs_1/new/xdc.xdc:64]
CRITICAL WARNING: [Common 17-55] 'set_property' expects at least one object. [E:/vivado_projects/i2c_drive/i2c_drive.srcs/constrs_1/new/xdc.xdc:64]
Resolution: If [get_<value>] was used to populate the object, check to make sure this command returns at least one valid object.
WARNING: [Vivado 12-584] No ports matched 'dig[4]'. [E:/vivado_projects/i2c_drive/i2c_drive.srcs/constrs_1/new/xdc.xdc:65]
CRITICAL WARNING: [Common 17-55] 'set_property' expects at least one object. [E:/vivado_projects/i2c_drive/i2c_drive.srcs/constrs_1/new/xdc.xdc:65]
Resolution: If [get_<value>] was used to populate the object, check to make sure this command returns at least one valid object.
WARNING: [Vivado 12-584] No ports matched 'dig[3]'. [E:/vivado_projects/i2c_drive/i2c_drive.srcs/constrs_1/new/xdc.xdc:66]
CRITICAL WARNING: [Common 17-55] 'set_property' expects at least one object. [E:/vivado_projects/i2c_drive/i2c_drive.srcs/constrs_1/new/xdc.xdc:66]
Resolution: If [get_<value>] was used to populate the object, check to make sure this command returns at least one valid object.
WARNING: [Vivado 12-584] No ports matched 'dig[2]'. [E:/vivado_projects/i2c_drive/i2c_drive.srcs/constrs_1/new/xdc.xdc:67]
CRITICAL WARNING: [Common 17-55] 'set_property' expects at least one object. [E:/vivado_projects/i2c_drive/i2c_drive.srcs/constrs_1/new/xdc.xdc:67]
Resolution: If [get_<value>] was used to populate the object, check to make sure this command returns at least one valid object.
WARNING: [Vivado 12-584] No ports matched 'dig[1]'. [E:/vivado_projects/i2c_drive/i2c_drive.srcs/constrs_1/new/xdc.xdc:68]
CRITICAL WARNING: [Common 17-55] 'set_property' expects at least one object. [E:/vivado_projects/i2c_drive/i2c_drive.srcs/constrs_1/new/xdc.xdc:68]
Resolution: If [get_<value>] was used to populate the object, check to make sure this command returns at least one valid object.
WARNING: [Vivado 12-584] No ports matched 'dig[0]'. [E:/vivado_projects/i2c_drive/i2c_drive.srcs/constrs_1/new/xdc.xdc:69]
CRITICAL WARNING: [Common 17-55] 'set_property' expects at least one object. [E:/vivado_projects/i2c_drive/i2c_drive.srcs/constrs_1/new/xdc.xdc:69]
Resolution: If [get_<value>] was used to populate the object, check to make sure this command returns at least one valid object.
WARNING: [Vivado 12-584] No ports matched 'dig[7]'. [E:/vivado_projects/i2c_drive/i2c_drive.srcs/constrs_1/new/xdc.xdc:70]
CRITICAL WARNING: [Common 17-55] 'set_property' expects at least one object. [E:/vivado_projects/i2c_drive/i2c_drive.srcs/constrs_1/new/xdc.xdc:70]
Resolution: If [get_<value>] was used to populate the object, check to make sure this command returns at least one valid object.
WARNING: [Vivado 12-584] No ports matched 'dig[6]'. [E:/vivado_projects/i2c_drive/i2c_drive.srcs/constrs_1/new/xdc.xdc:71]
CRITICAL WARNING: [Common 17-55] 'set_property' expects at least one object. [E:/vivado_projects/i2c_drive/i2c_drive.srcs/constrs_1/new/xdc.xdc:71]
Resolution: If [get_<value>] was used to populate the object, check to make sure this command returns at least one valid object.
WARNING: [Vivado 12-584] No ports matched 'dig[5]'. [E:/vivado_projects/i2c_drive/i2c_drive.srcs/constrs_1/new/xdc.xdc:72]
CRITICAL WARNING: [Common 17-55] 'set_property' expects at least one object. [E:/vivado_projects/i2c_drive/i2c_drive.srcs/constrs_1/new/xdc.xdc:72]
Resolution: If [get_<value>] was used to populate the object, check to make sure this command returns at least one valid object.
WARNING: [Vivado 12-584] No ports matched 'dig[4]'. [E:/vivado_projects/i2c_drive/i2c_drive.srcs/constrs_1/new/xdc.xdc:73]
CRITICAL WARNING: [Common 17-55] 'set_property' expects at least one object. [E:/vivado_projects/i2c_drive/i2c_drive.srcs/constrs_1/new/xdc.xdc:73]
Resolution: If [get_<value>] was used to populate the object, check to make sure this command returns at least one valid object.
WARNING: [Vivado 12-584] No ports matched 'dig[3]'. [E:/vivado_projects/i2c_drive/i2c_drive.srcs/constrs_1/new/xdc.xdc:74]
CRITICAL WARNING: [Common 17-55] 'set_property' expects at least one object. [E:/vivado_projects/i2c_drive/i2c_drive.srcs/constrs_1/new/xdc.xdc:74]
Resolution: If [get_<value>] was used to populate the object, check to make sure this command returns at least one valid object.
WARNING: [Vivado 12-584] No ports matched 'dig[2]'. [E:/vivado_projects/i2c_drive/i2c_drive.srcs/constrs_1/new/xdc.xdc:75]
CRITICAL WARNING: [Common 17-55] 'set_property' expects at least one object. [E:/vivado_projects/i2c_drive/i2c_drive.srcs/constrs_1/new/xdc.xdc:75]
Resolution: If [get_<value>] was used to populate the object, check to make sure this command returns at least one valid object.
WARNING: [Vivado 12-584] No ports matched 'dig[1]'. [E:/vivado_projects/i2c_drive/i2c_drive.srcs/constrs_1/new/xdc.xdc:76]
CRITICAL WARNING: [Common 17-55] 'set_property' expects at least one object. [E:/vivado_projects/i2c_drive/i2c_drive.srcs/constrs_1/new/xdc.xdc:76]
Resolution: If [get_<value>] was used to populate the object, check to make sure this command returns at least one valid object.
WARNING: [Vivado 12-584] No ports matched 'dig[0]'. [E:/vivado_projects/i2c_drive/i2c_drive.srcs/constrs_1/new/xdc.xdc:77]
CRITICAL WARNING: [Common 17-55] 'set_property' expects at least one object. [E:/vivado_projects/i2c_drive/i2c_drive.srcs/constrs_1/new/xdc.xdc:77]
Resolution: If [get_<value>] was used to populate the object, check to make sure this command returns at least one valid object.
Finished Parsing XDC File [E:/vivado_projects/i2c_drive/i2c_drive.srcs/constrs_1/new/xdc.xdc]
INFO: [Opt 31-138] Pushed 0 inverter(s) to 0 load pin(s).
INFO: [Project 1-111] Unisim Transformation Summary:
  A total of 1 instances were transformed.
  IOBUF => IOBUF (IBUF, OBUFT): 1 instances

open_run: Time (s): cpu = 00:00:19 ; elapsed = 00:00:22 . Memory (MB): peak = 1306.723 ; gain = 314.414
reset_run synth_1
launch_runs synth_1
INFO: [HDL 9-2216] Analyzing Verilog file "E:/vivado_projects/i2c_drive/i2c_drive.srcs/sources_1/new/top.v" into library work [E:/vivado_projects/i2c_drive/i2c_drive.srcs/sources_1/new/top.v:1]
[Fri Dec 30 10:49:22 2016] Launched synth_1...
Run output will be captured here: E:/vivado_projects/i2c_drive/i2c_drive.runs/synth_1/runme.log
close_design
open_run synth_1 -name synth_1
Design is defaulting to impl run constrset: constrs_1
Design is defaulting to synth run part: xc7a100tcsg324-1
INFO: [Netlist 29-17] Analyzing 10 Unisim elements for replacement
INFO: [Netlist 29-28] Unisim Transformation completed in 0 CPU seconds
INFO: [Project 1-479] Netlist was created with Vivado 2016.2
INFO: [Project 1-570] Preparing netlist for logic optimization
Parsing XDC File [E:/vivado_projects/i2c_drive/i2c_drive.srcs/constrs_1/new/xdc.xdc]
WARNING: [Vivado 12-584] No ports matched 'dis_data[7]'. [E:/vivado_projects/i2c_drive/i2c_drive.srcs/constrs_1/new/xdc.xdc:1]
CRITICAL WARNING: [Common 17-55] 'set_property' expects at least one object. [E:/vivado_projects/i2c_drive/i2c_drive.srcs/constrs_1/new/xdc.xdc:1]
Resolution: If [get_<value>] was used to populate the object, check to make sure this command returns at least one valid object.
WARNING: [Vivado 12-584] No ports matched 'dis_data[6]'. [E:/vivado_projects/i2c_drive/i2c_drive.srcs/constrs_1/new/xdc.xdc:2]
CRITICAL WARNING: [Common 17-55] 'set_property' expects at least one object. [E:/vivado_projects/i2c_drive/i2c_drive.srcs/constrs_1/new/xdc.xdc:2]
Resolution: If [get_<value>] was used to populate the object, check to make sure this command returns at least one valid object.
WARNING: [Vivado 12-584] No ports matched 'dis_data[5]'. [E:/vivado_projects/i2c_drive/i2c_drive.srcs/constrs_1/new/xdc.xdc:3]
CRITICAL WARNING: [Common 17-55] 'set_property' expects at least one object. [E:/vivado_projects/i2c_drive/i2c_drive.srcs/constrs_1/new/xdc.xdc:3]
Resolution: If [get_<value>] was used to populate the object, check to make sure this command returns at least one valid object.
WARNING: [Vivado 12-584] No ports matched 'dis_data[4]'. [E:/vivado_projects/i2c_drive/i2c_drive.srcs/constrs_1/new/xdc.xdc:4]
CRITICAL WARNING: [Common 17-55] 'set_property' expects at least one object. [E:/vivado_projects/i2c_drive/i2c_drive.srcs/constrs_1/new/xdc.xdc:4]
Resolution: If [get_<value>] was used to populate the object, check to make sure this command returns at least one valid object.
WARNING: [Vivado 12-584] No ports matched 'dis_data[3]'. [E:/vivado_projects/i2c_drive/i2c_drive.srcs/constrs_1/new/xdc.xdc:5]
CRITICAL WARNING: [Common 17-55] 'set_property' expects at least one object. [E:/vivado_projects/i2c_drive/i2c_drive.srcs/constrs_1/new/xdc.xdc:5]
Resolution: If [get_<value>] was used to populate the object, check to make sure this command returns at least one valid object.
WARNING: [Vivado 12-584] No ports matched 'dis_data[2]'. [E:/vivado_projects/i2c_drive/i2c_drive.srcs/constrs_1/new/xdc.xdc:6]
CRITICAL WARNING: [Common 17-55] 'set_property' expects at least one object. [E:/vivado_projects/i2c_drive/i2c_drive.srcs/constrs_1/new/xdc.xdc:6]
Resolution: If [get_<value>] was used to populate the object, check to make sure this command returns at least one valid object.
WARNING: [Vivado 12-584] No ports matched 'dis_data[1]'. [E:/vivado_projects/i2c_drive/i2c_drive.srcs/constrs_1/new/xdc.xdc:7]
CRITICAL WARNING: [Common 17-55] 'set_property' expects at least one object. [E:/vivado_projects/i2c_drive/i2c_drive.srcs/constrs_1/new/xdc.xdc:7]
Resolution: If [get_<value>] was used to populate the object, check to make sure this command returns at least one valid object.
WARNING: [Vivado 12-584] No ports matched 'dis_data[0]'. [E:/vivado_projects/i2c_drive/i2c_drive.srcs/constrs_1/new/xdc.xdc:8]
CRITICAL WARNING: [Common 17-55] 'set_property' expects at least one object. [E:/vivado_projects/i2c_drive/i2c_drive.srcs/constrs_1/new/xdc.xdc:8]
Resolution: If [get_<value>] was used to populate the object, check to make sure this command returns at least one valid object.
WARNING: [Vivado 12-584] No ports matched 'dis_data[7]'. [E:/vivado_projects/i2c_drive/i2c_drive.srcs/constrs_1/new/xdc.xdc:20]
CRITICAL WARNING: [Common 17-55] 'set_property' expects at least one object. [E:/vivado_projects/i2c_drive/i2c_drive.srcs/constrs_1/new/xdc.xdc:20]
Resolution: If [get_<value>] was used to populate the object, check to make sure this command returns at least one valid object.
WARNING: [Vivado 12-584] No ports matched 'dis_data[6]'. [E:/vivado_projects/i2c_drive/i2c_drive.srcs/constrs_1/new/xdc.xdc:21]
CRITICAL WARNING: [Common 17-55] 'set_property' expects at least one object. [E:/vivado_projects/i2c_drive/i2c_drive.srcs/constrs_1/new/xdc.xdc:21]
Resolution: If [get_<value>] was used to populate the object, check to make sure this command returns at least one valid object.
WARNING: [Vivado 12-584] No ports matched 'dis_data[5]'. [E:/vivado_projects/i2c_drive/i2c_drive.srcs/constrs_1/new/xdc.xdc:22]
CRITICAL WARNING: [Common 17-55] 'set_property' expects at least one object. [E:/vivado_projects/i2c_drive/i2c_drive.srcs/constrs_1/new/xdc.xdc:22]
Resolution: If [get_<value>] was used to populate the object, check to make sure this command returns at least one valid object.
WARNING: [Vivado 12-584] No ports matched 'dis_data[4]'. [E:/vivado_projects/i2c_drive/i2c_drive.srcs/constrs_1/new/xdc.xdc:23]
CRITICAL WARNING: [Common 17-55] 'set_property' expects at least one object. [E:/vivado_projects/i2c_drive/i2c_drive.srcs/constrs_1/new/xdc.xdc:23]
Resolution: If [get_<value>] was used to populate the object, check to make sure this command returns at least one valid object.
WARNING: [Vivado 12-584] No ports matched 'dis_data[3]'. [E:/vivado_projects/i2c_drive/i2c_drive.srcs/constrs_1/new/xdc.xdc:24]
CRITICAL WARNING: [Common 17-55] 'set_property' expects at least one object. [E:/vivado_projects/i2c_drive/i2c_drive.srcs/constrs_1/new/xdc.xdc:24]
Resolution: If [get_<value>] was used to populate the object, check to make sure this command returns at least one valid object.
WARNING: [Vivado 12-584] No ports matched 'dis_data[2]'. [E:/vivado_projects/i2c_drive/i2c_drive.srcs/constrs_1/new/xdc.xdc:25]
CRITICAL WARNING: [Common 17-55] 'set_property' expects at least one object. [E:/vivado_projects/i2c_drive/i2c_drive.srcs/constrs_1/new/xdc.xdc:25]
Resolution: If [get_<value>] was used to populate the object, check to make sure this command returns at least one valid object.
WARNING: [Vivado 12-584] No ports matched 'dis_data[1]'. [E:/vivado_projects/i2c_drive/i2c_drive.srcs/constrs_1/new/xdc.xdc:26]
CRITICAL WARNING: [Common 17-55] 'set_property' expects at least one object. [E:/vivado_projects/i2c_drive/i2c_drive.srcs/constrs_1/new/xdc.xdc:26]
Resolution: If [get_<value>] was used to populate the object, check to make sure this command returns at least one valid object.
WARNING: [Vivado 12-584] No ports matched 'dis_data[0]'. [E:/vivado_projects/i2c_drive/i2c_drive.srcs/constrs_1/new/xdc.xdc:27]
CRITICAL WARNING: [Common 17-55] 'set_property' expects at least one object. [E:/vivado_projects/i2c_drive/i2c_drive.srcs/constrs_1/new/xdc.xdc:27]
Resolution: If [get_<value>] was used to populate the object, check to make sure this command returns at least one valid object.
WARNING: [Vivado 12-584] No ports matched 'dis_data[15]'. [E:/vivado_projects/i2c_drive/i2c_drive.srcs/constrs_1/new/xdc.xdc:30]
CRITICAL WARNING: [Common 17-55] 'set_property' expects at least one object. [E:/vivado_projects/i2c_drive/i2c_drive.srcs/constrs_1/new/xdc.xdc:30]
Resolution: If [get_<value>] was used to populate the object, check to make sure this command returns at least one valid object.
WARNING: [Vivado 12-584] No ports matched 'dis_data[14]'. [E:/vivado_projects/i2c_drive/i2c_drive.srcs/constrs_1/new/xdc.xdc:31]
CRITICAL WARNING: [Common 17-55] 'set_property' expects at least one object. [E:/vivado_projects/i2c_drive/i2c_drive.srcs/constrs_1/new/xdc.xdc:31]
Resolution: If [get_<value>] was used to populate the object, check to make sure this command returns at least one valid object.
WARNING: [Vivado 12-584] No ports matched 'dis_data[13]'. [E:/vivado_projects/i2c_drive/i2c_drive.srcs/constrs_1/new/xdc.xdc:32]
CRITICAL WARNING: [Common 17-55] 'set_property' expects at least one object. [E:/vivado_projects/i2c_drive/i2c_drive.srcs/constrs_1/new/xdc.xdc:32]
Resolution: If [get_<value>] was used to populate the object, check to make sure this command returns at least one valid object.
WARNING: [Vivado 12-584] No ports matched 'dis_data[12]'. [E:/vivado_projects/i2c_drive/i2c_drive.srcs/constrs_1/new/xdc.xdc:33]
CRITICAL WARNING: [Common 17-55] 'set_property' expects at least one object. [E:/vivado_projects/i2c_drive/i2c_drive.srcs/constrs_1/new/xdc.xdc:33]
Resolution: If [get_<value>] was used to populate the object, check to make sure this command returns at least one valid object.
WARNING: [Vivado 12-584] No ports matched 'dis_data[11]'. [E:/vivado_projects/i2c_drive/i2c_drive.srcs/constrs_1/new/xdc.xdc:34]
CRITICAL WARNING: [Common 17-55] 'set_property' expects at least one object. [E:/vivado_projects/i2c_drive/i2c_drive.srcs/constrs_1/new/xdc.xdc:34]
Resolution: If [get_<value>] was used to populate the object, check to make sure this command returns at least one valid object.
WARNING: [Vivado 12-584] No ports matched 'dis_data[10]'. [E:/vivado_projects/i2c_drive/i2c_drive.srcs/constrs_1/new/xdc.xdc:35]
CRITICAL WARNING: [Common 17-55] 'set_property' expects at least one object. [E:/vivado_projects/i2c_drive/i2c_drive.srcs/constrs_1/new/xdc.xdc:35]
Resolution: If [get_<value>] was used to populate the object, check to make sure this command returns at least one valid object.
WARNING: [Vivado 12-584] No ports matched 'dis_data[9]'. [E:/vivado_projects/i2c_drive/i2c_drive.srcs/constrs_1/new/xdc.xdc:36]
CRITICAL WARNING: [Common 17-55] 'set_property' expects at least one object. [E:/vivado_projects/i2c_drive/i2c_drive.srcs/constrs_1/new/xdc.xdc:36]
Resolution: If [get_<value>] was used to populate the object, check to make sure this command returns at least one valid object.
WARNING: [Vivado 12-584] No ports matched 'dis_data[8]'. [E:/vivado_projects/i2c_drive/i2c_drive.srcs/constrs_1/new/xdc.xdc:37]
CRITICAL WARNING: [Common 17-55] 'set_property' expects at least one object. [E:/vivado_projects/i2c_drive/i2c_drive.srcs/constrs_1/new/xdc.xdc:37]
Resolution: If [get_<value>] was used to populate the object, check to make sure this command returns at least one valid object.
WARNING: [Vivado 12-584] No ports matched 'dis_data[15]'. [E:/vivado_projects/i2c_drive/i2c_drive.srcs/constrs_1/new/xdc.xdc:38]
CRITICAL WARNING: [Common 17-55] 'set_property' expects at least one object. [E:/vivado_projects/i2c_drive/i2c_drive.srcs/constrs_1/new/xdc.xdc:38]
Resolution: If [get_<value>] was used to populate the object, check to make sure this command returns at least one valid object.
WARNING: [Vivado 12-584] No ports matched 'dis_data[14]'. [E:/vivado_projects/i2c_drive/i2c_drive.srcs/constrs_1/new/xdc.xdc:39]
CRITICAL WARNING: [Common 17-55] 'set_property' expects at least one object. [E:/vivado_projects/i2c_drive/i2c_drive.srcs/constrs_1/new/xdc.xdc:39]
Resolution: If [get_<value>] was used to populate the object, check to make sure this command returns at least one valid object.
WARNING: [Vivado 12-584] No ports matched 'dis_data[13]'. [E:/vivado_projects/i2c_drive/i2c_drive.srcs/constrs_1/new/xdc.xdc:41]
CRITICAL WARNING: [Common 17-55] 'set_property' expects at least one object. [E:/vivado_projects/i2c_drive/i2c_drive.srcs/constrs_1/new/xdc.xdc:41]
Resolution: If [get_<value>] was used to populate the object, check to make sure this command returns at least one valid object.
WARNING: [Vivado 12-584] No ports matched 'dis_data[12]'. [E:/vivado_projects/i2c_drive/i2c_drive.srcs/constrs_1/new/xdc.xdc:42]
CRITICAL WARNING: [Common 17-55] 'set_property' expects at least one object. [E:/vivado_projects/i2c_drive/i2c_drive.srcs/constrs_1/new/xdc.xdc:42]
Resolution: If [get_<value>] was used to populate the object, check to make sure this command returns at least one valid object.
WARNING: [Vivado 12-584] No ports matched 'dis_data[11]'. [E:/vivado_projects/i2c_drive/i2c_drive.srcs/constrs_1/new/xdc.xdc:43]
CRITICAL WARNING: [Common 17-55] 'set_property' expects at least one object. [E:/vivado_projects/i2c_drive/i2c_drive.srcs/constrs_1/new/xdc.xdc:43]
Resolution: If [get_<value>] was used to populate the object, check to make sure this command returns at least one valid object.
WARNING: [Vivado 12-584] No ports matched 'dis_data[10]'. [E:/vivado_projects/i2c_drive/i2c_drive.srcs/constrs_1/new/xdc.xdc:44]
CRITICAL WARNING: [Common 17-55] 'set_property' expects at least one object. [E:/vivado_projects/i2c_drive/i2c_drive.srcs/constrs_1/new/xdc.xdc:44]
Resolution: If [get_<value>] was used to populate the object, check to make sure this command returns at least one valid object.
WARNING: [Vivado 12-584] No ports matched 'dis_data[9]'. [E:/vivado_projects/i2c_drive/i2c_drive.srcs/constrs_1/new/xdc.xdc:45]
CRITICAL WARNING: [Common 17-55] 'set_property' expects at least one object. [E:/vivado_projects/i2c_drive/i2c_drive.srcs/constrs_1/new/xdc.xdc:45]
Resolution: If [get_<value>] was used to populate the object, check to make sure this command returns at least one valid object.
WARNING: [Vivado 12-584] No ports matched 'dis_data[8]'. [E:/vivado_projects/i2c_drive/i2c_drive.srcs/constrs_1/new/xdc.xdc:46]
CRITICAL WARNING: [Common 17-55] 'set_property' expects at least one object. [E:/vivado_projects/i2c_drive/i2c_drive.srcs/constrs_1/new/xdc.xdc:46]
Resolution: If [get_<value>] was used to populate the object, check to make sure this command returns at least one valid object.
Finished Parsing XDC File [E:/vivado_projects/i2c_drive/i2c_drive.srcs/constrs_1/new/xdc.xdc]
INFO: [Opt 31-138] Pushed 0 inverter(s) to 0 load pin(s).
INFO: [Project 1-111] Unisim Transformation Summary:
  A total of 1 instances were transformed.
  IOBUF => IOBUF (IBUF, OBUFT): 1 instances

open_run: Time (s): cpu = 00:00:10 ; elapsed = 00:00:05 . Memory (MB): peak = 1673.805 ; gain = 5.277
reset_run synth_1
launch_runs impl_1 -to_step write_bitstream
WARNING: [Project 1-478] Design 'synth_1' is stale and will not be used when launching 'impl_1'
[Fri Dec 30 10:55:02 2016] Launched synth_1...
Run output will be captured here: E:/vivado_projects/i2c_drive/i2c_drive.runs/synth_1/runme.log
[Fri Dec 30 10:55:02 2016] Launched impl_1...
Run output will be captured here: E:/vivado_projects/i2c_drive/i2c_drive.runs/impl_1/runme.log
reset_run impl_1 -prev_step 
launch_runs impl_1 -to_step write_bitstream
[Fri Dec 30 11:14:27 2016] Launched impl_1...
Run output will be captured here: E:/vivado_projects/i2c_drive/i2c_drive.runs/impl_1/runme.log
set_property PROBES.FILE {} [lindex [get_hw_devices] 0]
set_property PROGRAM.FILE {E:/vivado_projects/i2c_drive/i2c_drive.runs/impl_1/top.bit} [lindex [get_hw_devices] 0]
program_hw_devices [lindex [get_hw_devices] 0]
INFO: [Labtools 27-3164] End of startup status: HIGH
refresh_hw_device [lindex [get_hw_devices] 0]
INFO: [Labtools 27-1434] Device xc7a100t (JTAG device index = 0) is programmed with a design that has no supported debug core(s) in it.
WARNING: [Labtools 27-3123] The debug hub core was not detected at User Scan Chain 1 or 3.
Resolution: 
1. Make sure the clock connected to the debug hub (dbg_hub) core is a free running clock and is active OR
2. Manually launch hw_server with -e "set xsdb-user-bscan <C_USER_SCAN_CHAIN scan_chain_number>" to detect the debug hub at User Scan Chain of 2 or 4. To determine the user scan chain setting, open the implemented design and use: get_property C_USER_SCAN_CHAIN [get_debug_cores dbg_hub].
reset_run synth_1
launch_runs synth_1
INFO: [HDL 9-2216] Analyzing Verilog file "E:/vivado_projects/i2c_drive/i2c_drive.srcs/sources_1/new/top.v" into library work [E:/vivado_projects/i2c_drive/i2c_drive.srcs/sources_1/new/top.v:1]
[Fri Dec 30 11:18:49 2016] Launched synth_1...
Run output will be captured here: E:/vivado_projects/i2c_drive/i2c_drive.runs/synth_1/runme.log
close_design
open_run synth_1 -name synth_1
Design is defaulting to impl run constrset: constrs_1
Design is defaulting to synth run part: xc7a100tcsg324-1
INFO: [Netlist 29-17] Analyzing 10 Unisim elements for replacement
INFO: [Netlist 29-28] Unisim Transformation completed in 0 CPU seconds
INFO: [Project 1-479] Netlist was created with Vivado 2016.2
INFO: [Project 1-570] Preparing netlist for logic optimization
Parsing XDC File [E:/vivado_projects/i2c_drive/i2c_drive.srcs/constrs_1/new/xdc.xdc]
Finished Parsing XDC File [E:/vivado_projects/i2c_drive/i2c_drive.srcs/constrs_1/new/xdc.xdc]
INFO: [Opt 31-138] Pushed 0 inverter(s) to 0 load pin(s).
INFO: [Project 1-111] Unisim Transformation Summary:
  A total of 1 instances were transformed.
  IOBUF => IOBUF (IBUF, OBUFT): 1 instances

launch_runs impl_1 -to_step write_bitstream
Writing placer database...
Writing XDEF routing.
Writing XDEF routing logical nets.
Writing XDEF routing special nets.
Write XDEF Complete: Time (s): cpu = 00:00:00 ; elapsed = 00:00:00.147 . Memory (MB): peak = 1689.922 ; gain = 0.000
[Fri Dec 30 11:19:50 2016] Launched impl_1...
Run output will be captured here: E:/vivado_projects/i2c_drive/i2c_drive.runs/impl_1/runme.log
set_property PROBES.FILE {} [lindex [get_hw_devices] 0]
set_property PROGRAM.FILE {E:/vivado_projects/i2c_drive/i2c_drive.runs/impl_1/top.bit} [lindex [get_hw_devices] 0]
program_hw_devices [lindex [get_hw_devices] 0]
INFO: [Labtools 27-3164] End of startup status: HIGH
refresh_hw_device [lindex [get_hw_devices] 0]
INFO: [Labtools 27-1434] Device xc7a100t (JTAG device index = 0) is programmed with a design that has no supported debug core(s) in it.
WARNING: [Labtools 27-3123] The debug hub core was not detected at User Scan Chain 1 or 3.
Resolution: 
1. Make sure the clock connected to the debug hub (dbg_hub) core is a free running clock and is active OR
2. Manually launch hw_server with -e "set xsdb-user-bscan <C_USER_SCAN_CHAIN scan_chain_number>" to detect the debug hub at User Scan Chain of 2 or 4. To determine the user scan chain setting, open the implemented design and use: get_property C_USER_SCAN_CHAIN [get_debug_cores dbg_hub].
remove_files E:/vivado_projects/i2c_drive/i2c_drive.srcs/sources_1/new/top.v
update_compile_order -fileset sources_1
update_compile_order -fileset sim_1
update_compile_order -fileset sources_1
